<?xml version="1.0" encoding="UTF-8"?>
<!-- Generated by org.testng.reporters.JUnitReportReporter -->
<testsuite hostname="WKMZTEEB21DA.global.publicisgroupe.net" failures="0" tests="1" name="com.tests.APITests" time="6.468" errors="0" timestamp="04 Feb 2021 16:00:37 GMT" skipped="0">
  <testcase classname="com.tests.APITests" name="testWhetherAPI" time="6.468"/>
</testsuite> <!-- com.tests.APITests -->
