<?xml version="1.0" encoding="UTF-8"?>
<!-- Generated by org.testng.reporters.JUnitReportReporter -->
<testsuite hostname="WKMZTEEB21DA.global.publicisgroupe.net" failures="0" tests="1" name="com.tests.HomeTest" time="12.156" errors="0" timestamp="03 Feb 2021 15:09:22 GMT" skipped="0">
  <testcase classname="com.tests.HomeTest" name="testHomePage" time="12.156"/>
</testsuite> <!-- com.tests.HomeTest -->
