<?xml version="1.0" encoding="UTF-8"?>
<!-- Generated by org.testng.reporters.JUnitReportReporter -->
<testsuite hostname="WKMZTEEB21DA.global.publicisgroupe.net" failures="0" tests="1" name="com.tests.ProductListingTest" time="26.453" errors="0" timestamp="03 Feb 2021 19:06:29 GMT" skipped="0">
  <testcase classname="com.tests.ProductListingTest" name="testProductListing" time="26.453"/>
</testsuite> <!-- com.tests.ProductListingTest -->
