<?xml version="1.0" encoding="UTF-8"?>
<!-- Generated by org.testng.reporters.JUnitReportReporter -->
<testsuite hostname="WKWIN2228757" failures="0" tests="1" name="com.tests.WebTableTest" time="5.995" errors="0" timestamp="2021-02-17T20:18:10 IST" skipped="0">
  <testcase classname="com.tests.WebTableTest" name="datadriver" time="5.995"/>
  <system-out/>
</testsuite> <!-- com.tests.WebTableTest -->
