<?xml version="1.0" encoding="UTF-8"?>
<!-- Generated by org.testng.reporters.JUnitReportReporter -->
<testsuite hostname="WKMZTEEB21DA.global.publicisgroupe.net" failures="0" tests="1" name="com.tests.LoginTest" time="0.370" errors="0" timestamp="03 Feb 2021 08:10:50 GMT" skipped="0">
  <testcase classname="com.tests.LoginTest" name="f" time="0.370"/>
</testsuite> <!-- com.tests.LoginTest -->
