<?xml version="1.0" encoding="UTF-8"?>
<!-- Generated by org.testng.reporters.JUnitReportReporter -->
<testsuite hostname="WKMZTEEB21DA.global.publicisgroupe.net" failures="0" tests="1" name="com.tests.ProductDetailsTest" time="34.214" errors="0" timestamp="04 Feb 2021 03:21:33 GMT" skipped="0">
  <testcase classname="com.tests.ProductDetailsTest" name="f" time="34.214"/>
</testsuite> <!-- com.tests.ProductDetailsTest -->
